UG to STEP
! INFO-     NX STEP AP242 - V2306.1700
! INFO-      
! INFO-     Start of Translation: 26-JUL-2023  3:31:21 PM
! INFO-      
! STATUS-   Converting Part: D:\Projects\Feeder965\F965-00 - Feeder965.prt
! STATUS-    
! STATUS-   Converting to Output Form (Phase 2 of 3): 26-JUL-2023 3:31:21 PM
! STATUS-    
! INFO-     Bspline aprx. value in effect for this translation :0.000025  meters 
! INFO-      
! INFO-           Summary of STEP Entities 
! INFO-      
! INFO-     Entity Type                                                   Count 
! INFO-     -----------                                                   ------ 
! INFO-     advanced_brep_shape_representation .......................:   20 
! INFO-     advanced_face ............................................:   2233 
! INFO-     application_context ......................................:   1 
! INFO-     application_protocol_definition ..........................:   1 
! INFO-     axis2_placement_3d .......................................:   4907 
! INFO-     b_spline_curve_with_knots ................................:   2352 
! INFO-     b_spline_curve_with_knots_and_rational_b_spline_curve ....:   11 
! INFO-     b_spline_surface_with_knots ..............................:   31 
! INFO-     b_spline_surface_with_knots_and_rational_b_spline_surface :   53 
! INFO-     camera_model_d3 ..........................................:   184 
! INFO-     cartesian_point ..........................................:   24758 
! INFO-     circle ...................................................:   2313 
! INFO-     closed_shell .............................................:   35 
! INFO-     colour_rgb ...............................................:   10 
! INFO-     conical_surface ..........................................:   360 
! INFO-     context_dependent_shape_representation ...................:   32 
! INFO-     cylindrical_surface ......................................:   1315 
! INFO-     default_model_geometric_view .............................:   23 
! INFO-     direction ................................................:   11178 
! INFO-     draughting_model .........................................:   185 
! INFO-     edge_curve ...............................................:   6084 
! INFO-     edge_loop ................................................:   2449 
! INFO-     ellipse ..................................................:   44 
! INFO-     face_bound ...............................................:   2449 
! INFO-     fill_area_style ..........................................:   125 
! INFO-     fill_area_style_colour ...................................:   125 
! INFO-     geometric_representation_context_and_global_uncertainty_a :   23 
! INFO-     item_defined_transformation ..............................:   32 
! INFO-     length_unit_and_si_unit ..................................:   1 
! INFO-     line .....................................................:   1364 
! INFO-     manifold_solid_brep ......................................:   35 
! INFO-     mapped_item ..............................................:   185 
! INFO-     mechanical_design_and_draughting_relationship ............:   184 
! INFO-     mechanical_design_geometric_presentation_representation ..:   1 
! INFO-     model_geometric_view .....................................:   161 
! INFO-     next_assembly_usage_occurrence ...........................:   32 
! INFO-     oriented_edge ............................................:   12168 
! INFO-     planar_box ...............................................:   184 
! INFO-     plane ....................................................:   400 
! INFO-     plane_angle_unit_and_si_unit .............................:   1 
! INFO-     presentation_style_assignment ............................:   125 
! INFO-     product ..................................................:   23 
! INFO-     product_category .........................................:   23 
! INFO-     product_context ..........................................:   23 
! INFO-     product_definition .......................................:   23 
! INFO-     product_definition_context ...............................:   23 
! INFO-     product_definition_formation_with_specified_source .......:   23 
! INFO-     product_definition_shape .................................:   55 
! INFO-     product_related_product_category .........................:   23 
! INFO-     representation_map .......................................:   185 
! INFO-     representation_relationship_with_transformation_and_shape :   32 
! INFO-     shape_definition_representation ..........................:   23 
! INFO-     shape_representation .....................................:   23 
! INFO-     shape_representation_relationship ........................:   20 
! INFO-     si_unit_and_solid_angle_unit .............................:   1 
! INFO-     spherical_surface ........................................:   24 
! INFO-     styled_item ..............................................:   125 
! INFO-     surface_side_style .......................................:   125 
! INFO-     surface_style_fill_area ..................................:   125 
! INFO-     surface_style_usage ......................................:   125 
! INFO-     toroidal_surface .........................................:   50 
! INFO-     uncertainty_measure_with_unit ............................:   23 
! INFO-     vector ...................................................:   1364 
! INFO-     vertex_point .............................................:   4051 
! INFO-     view_volume ..............................................:   184 
! INFO-                                                                  ------- 
! INFO-     Total                                                         82870 
! INFO-      
! INFO-     End of Translation: 26-JUL-2023  3:31:26 PM
! INFO-      
UG to STEP
! INFO-     NX STEP AP242 - V2306.1700
! INFO-      
! INFO-     Start of Translation: 26-JUL-2023  3:43:28 PM
! INFO-      
! STATUS-   Converting Part: D:\Projects\Feeder965\F965-00 - Feeder965.prt
! STATUS-    
! STATUS-   Converting to Output Form (Phase 2 of 3): 26-JUL-2023 3:43:28 PM
! STATUS-    
! INFO-     Bspline aprx. value in effect for this translation :0.000025  meters 
! INFO-      
! INFO-           Summary of STEP Entities 
! INFO-      
! INFO-     Entity Type                                                   Count 
! INFO-     -----------                                                   ------ 
! INFO-     advanced_brep_shape_representation .......................:   20 
! INFO-     advanced_face ............................................:   2233 
! INFO-     application_context ......................................:   1 
! INFO-     application_protocol_definition ..........................:   1 
! INFO-     axis2_placement_3d .......................................:   4907 
! INFO-     b_spline_curve_with_knots ................................:   2352 
! INFO-     b_spline_curve_with_knots_and_rational_b_spline_curve ....:   11 
! INFO-     b_spline_surface_with_knots ..............................:   31 
! INFO-     b_spline_surface_with_knots_and_rational_b_spline_surface :   53 
! INFO-     camera_model_d3 ..........................................:   184 
! INFO-     cartesian_point ..........................................:   24758 
! INFO-     circle ...................................................:   2313 
! INFO-     closed_shell .............................................:   35 
! INFO-     colour_rgb ...............................................:   10 
! INFO-     conical_surface ..........................................:   360 
! INFO-     context_dependent_shape_representation ...................:   32 
! INFO-     cylindrical_surface ......................................:   1315 
! INFO-     default_model_geometric_view .............................:   23 
! INFO-     direction ................................................:   11178 
! INFO-     draughting_model .........................................:   185 
! INFO-     edge_curve ...............................................:   6084 
! INFO-     edge_loop ................................................:   2449 
! INFO-     ellipse ..................................................:   44 
! INFO-     face_bound ...............................................:   2449 
! INFO-     fill_area_style ..........................................:   125 
! INFO-     fill_area_style_colour ...................................:   125 
! INFO-     geometric_representation_context_and_global_uncertainty_a :   23 
! INFO-     item_defined_transformation ..............................:   32 
! INFO-     length_unit_and_si_unit ..................................:   1 
! INFO-     line .....................................................:   1364 
! INFO-     manifold_solid_brep ......................................:   35 
! INFO-     mapped_item ..............................................:   185 
! INFO-     mechanical_design_and_draughting_relationship ............:   184 
! INFO-     mechanical_design_geometric_presentation_representation ..:   1 
! INFO-     model_geometric_view .....................................:   161 
! INFO-     next_assembly_usage_occurrence ...........................:   32 
! INFO-     oriented_edge ............................................:   12168 
! INFO-     planar_box ...............................................:   184 
! INFO-     plane ....................................................:   400 
! INFO-     plane_angle_unit_and_si_unit .............................:   1 
! INFO-     presentation_style_assignment ............................:   125 
! INFO-     product ..................................................:   23 
! INFO-     product_category .........................................:   23 
! INFO-     product_context ..........................................:   23 
! INFO-     product_definition .......................................:   23 
! INFO-     product_definition_context ...............................:   23 
! INFO-     product_definition_formation_with_specified_source .......:   23 
! INFO-     product_definition_shape .................................:   55 
! INFO-     product_related_product_category .........................:   23 
! INFO-     representation_map .......................................:   185 
! INFO-     representation_relationship_with_transformation_and_shape :   32 
! INFO-     shape_definition_representation ..........................:   23 
! INFO-     shape_representation .....................................:   23 
! INFO-     shape_representation_relationship ........................:   20 
! INFO-     si_unit_and_solid_angle_unit .............................:   1 
! INFO-     spherical_surface ........................................:   24 
! INFO-     styled_item ..............................................:   125 
! INFO-     surface_side_style .......................................:   125 
! INFO-     surface_style_fill_area ..................................:   125 
! INFO-     surface_style_usage ......................................:   125 
! INFO-     toroidal_surface .........................................:   50 
! INFO-     uncertainty_measure_with_unit ............................:   23 
! INFO-     vector ...................................................:   1364 
! INFO-     vertex_point .............................................:   4051 
! INFO-     view_volume ..............................................:   184 
! INFO-                                                                  ------- 
! INFO-     Total                                                         82870 
! INFO-      
! INFO-     End of Translation: 26-JUL-2023  3:43:33 PM
! INFO-      
